TN:
SF:backend/app.js
FN:16,(anonymous_0)
FNF:1
FNH:1
FNDA:3,(anonymous_0)
DA:1,3
DA:2,3
DA:3,3
DA:4,3
DA:5,3
DA:6,3
DA:7,3
DA:8,3
DA:10,3
DA:11,3
DA:13,3
DA:14,3
DA:16,3
DA:17,3
DA:18,3
DA:21,3
DA:22,3
DA:23,3
DA:25,3
DA:27,3
LF:20
LH:20
BRF:0
BRH:0
end_of_record
TN:
SF:backend/config/db.js
FN:3,(anonymous_0)
FNF:1
FNH:1
FNDA:3,(anonymous_0)
DA:1,3
DA:3,3
DA:4,3
DA:5,3
DA:6,3
DA:8,0
DA:9,0
DA:10,0
DA:15,3
LF:9
LH:6
BRDA:9,0,0,0
BRDA:9,0,1,0
BRF:2
BRH:0
end_of_record
TN:
SF:backend/controllers/authController.js
FN:4,(anonymous_0)
FN:9,(anonymous_1)
FNF:2
FNH:1
FNDA:1,(anonymous_0)
FNDA:0,(anonymous_1)
DA:1,3
DA:2,3
DA:4,3
DA:5,1
DA:6,1
DA:9,3
DA:10,0
DA:12,0
DA:19,0
DA:23,0
DA:26,3
LF:11
LH:7
BRF:0
BRH:0
end_of_record
TN:
SF:backend/controllers/stravaController.js
FN:3,(anonymous_0)
FNF:1
FNH:1
FNDA:1,(anonymous_0)
DA:1,3
DA:3,3
DA:4,1
DA:5,1
DA:8,1
DA:9,1
DA:11,1
DA:13,0
DA:14,0
DA:18,3
LF:10
LH:8
BRF:0
BRH:0
end_of_record
TN:
SF:backend/controllers/trainingPlanController.js
FN:4,(anonymous_0)
FNF:1
FNH:0
FNDA:0,(anonymous_0)
DA:1,3
DA:2,3
DA:4,3
DA:5,0
DA:6,0
DA:7,0
DA:8,0
DA:10,0
DA:15,0
DA:16,0
DA:18,0
DA:19,0
DA:23,3
LF:13
LH:4
BRF:0
BRH:0
end_of_record
TN:
SF:backend/middlewares/authMiddleware.js
FN:3,(anonymous_0)
FNF:1
FNH:1
FNDA:2,(anonymous_0)
DA:1,3
DA:3,3
DA:4,2
DA:5,2
DA:6,2
DA:7,2
DA:8,2
DA:10,0
DA:14,3
LF:9
LH:8
BRF:0
BRH:0
end_of_record
TN:
SF:backend/middlewares/errorMiddleware.js
FN:2,errorMiddleware
FNF:1
FNH:0
FNDA:0,errorMiddleware
DA:3,0
DA:4,0
DA:7,3
LF:3
LH:1
BRF:0
BRH:0
end_of_record
TN:
SF:backend/middlewares/validateTrainingPlan.js
FN:8,(anonymous_0)
FNF:1
FNH:1
FNDA:1,(anonymous_0)
DA:1,3
DA:3,3
DA:9,1
DA:10,1
DA:11,1
DA:13,0
DA:17,3
LF:7
LH:6
BRDA:10,0,0,1
BRDA:10,0,1,0
BRF:2
BRH:1
end_of_record
TN:
SF:backend/models/trainingPlan.js
FNF:0
FNH:0
DA:1,3
DA:3,3
DA:9,3
DA:11,3
LF:4
LH:4
BRF:0
BRH:0
end_of_record
TN:
SF:backend/routes/authRoutes.js
FNF:0
FNH:0
DA:1,3
DA:2,3
DA:3,3
DA:5,3
DA:6,3
DA:8,3
LF:6
LH:6
BRF:0
BRH:0
end_of_record
TN:
SF:backend/routes/stravaRoutes.js
FNF:0
FNH:0
DA:1,3
DA:2,3
DA:3,3
DA:5,3
DA:7,3
DA:9,3
LF:6
LH:6
BRF:0
BRH:0
end_of_record
TN:
SF:backend/routes/trainingPlanRoutes.js
FNF:0
FNH:0
DA:1,3
DA:2,3
DA:3,3
DA:4,3
DA:6,3
DA:9,3
DA:11,3
LF:7
LH:7
BRF:0
BRH:0
end_of_record
TN:
SF:backend/services/openaiService.js
FN:3,(anonymous_0)
FNF:1
FNH:0
FNDA:0,(anonymous_0)
DA:1,3
DA:3,3
DA:4,0
DA:5,0
DA:15,0
DA:17,0
DA:18,0
DA:22,3
LF:8
LH:3
BRF:0
BRH:0
end_of_record
TN:
SF:backend/services/stravaService.js
FN:3,(anonymous_0)
FNF:1
FNH:1
FNDA:1,(anonymous_0)
DA:1,3
DA:3,3
DA:4,1
DA:5,1
DA:7,1
DA:13,1
DA:15,1
DA:17,0
DA:18,0
DA:22,3
LF:10
LH:8
BRF:0
BRH:0
end_of_record
TN:
SF:backend/utils/logger.js
FN:4,(anonymous_0)
FNF:1
FNH:1
FNDA:3,(anonymous_0)
DA:1,3
DA:2,3
DA:4,3
DA:5,3
DA:8,3
DA:21,3
LF:6
LH:6
BRF:0
BRH:0
end_of_record
